[debug] ----------------------------------------------------------------------
[debug] Command:      /usr/local/bin/node /usr/local/bin/firebase deploy
[debug] CLI Version:  3.6.0
[debug] Platform:     darwin
[debug] Node Version: v6.10.2
[debug] Time:         Wed May 03 2017 21:47:25 GMT+0900 (KST)
[debug] ----------------------------------------------------------------------
[debug] 
[debug] > command requires scopes: ["email","openid","https://www.googleapis.com/auth/cloudplatformprojects.readonly","https://www.googleapis.com/auth/firebase","https://www.googleapis.com/auth/cloud-platform"]
[debug] >>> HTTP REQUEST GET https://admin.firebase.com/v1/projects/reactapp-1e4b3  
 Wed May 03 2017 21:47:25 GMT+0900 (KST)
[debug] <<< HTTP RESPONSE 200
[debug] >>> HTTP REQUEST GET https://admin.firebase.com/v1/database/reactapp-1e4b3/tokens  
 Wed May 03 2017 21:47:27 GMT+0900 (KST)
[debug] <<< HTTP RESPONSE 200
[info] 
[info] === Deploying to 'reactapp-1e4b3'...
[info] 
[info] i  deploying database, functions, hosting
[info] ✔  database: rules ready to deploy.
[debug] > [functions] package.json contents: {
  "name": "functions",
  "description": "Cloud Functions for Firebase",
  "dependencies": {
    "firebase-admin": "^4.1.2",
    "firebase-functions": "^0.5"
  },
  "private": true
}
[info] i  functions: ensuring necessary APIs are enabled...
[info] i  runtimeconfig: ensuring necessary APIs are enabled...
[debug] >>> HTTP REQUEST GET https://servicemanagement.googleapis.com/v1/services/cloudfunctions.googleapis.com/projectSettings/reactapp-1e4b3?view=CONSUMER_VIEW  
 Wed May 03 2017 21:47:30 GMT+0900 (KST)
[debug] >>> HTTP REQUEST GET https://servicemanagement.googleapis.com/v1/services/runtimeconfig.googleapis.com/projectSettings/reactapp-1e4b3?view=CONSUMER_VIEW  
 Wed May 03 2017 21:47:30 GMT+0900 (KST)
